src/app/page.tsx(88,9): error TS2322: Type '{ user: any; projects: any; resources: any; courses: any; entertainment: any; tasks: any; milestones: any; yearlyStats: any; isWorkoutDone: boolean; hasActivePlan: any; }' is not assignable to type 'IntrinsicAttributes & DashboardProps'.
  Property 'yearlyStats' does not exist on type 'IntrinsicAttributes & DashboardProps'.
src/app/profile/page.tsx(258,28): error TS2339: Property 'prof_tab_perf' does not exist on type '{ back: string; save: string; loading_dots: string; confirm: string; cancel: string; delete: string; system_name: string; welcome: string; level: string; xp: string; nav_home: string; nav_fitness: string; ... 436 more ...; log_yesterday: string; }'.
src/app/profile/page.tsx(262,28): error TS2339: Property 'prof_tab_vault' does not exist on type '{ back: string; save: string; loading_dots: string; confirm: string; cancel: string; delete: string; system_name: string; welcome: string; level: string; xp: string; nav_home: string; nav_fitness: string; ... 436 more ...; log_yesterday: string; }'.
src/app/profile/page.tsx(323,64): error TS2339: Property 'active' does not exist on type '{ back: string; save: string; loading_dots: string; confirm: string; cancel: string; delete: string; system_name: string; welcome: string; level: string; xp: string; nav_home: string; nav_fitness: string; ... 436 more ...; log_yesterday: string; }'.
src/components/dashboard/Courses.tsx(202,126): error TS2339: Property 'desc_label' does not exist on type '{ back: string; save: string; loading_dots: string; confirm: string; cancel: string; delete: string; system_name: string; welcome: string; level: string; xp: string; nav_home: string; nav_fitness: string; ... 436 more ...; log_yesterday: string; }'.
src/components/dashboard/Courses.tsx(234,71): error TS2339: Property 'link_label' does not exist on type '{ back: string; save: string; loading_dots: string; confirm: string; cancel: string; delete: string; system_name: string; welcome: string; level: string; xp: string; nav_home: string; nav_fitness: string; ... 436 more ...; log_yesterday: string; }'.
src/components/dashboard/Courses.tsx(237,93): error TS2339: Property 'complete' does not exist on type '{ back: string; save: string; loading_dots: string; confirm: string; cancel: string; delete: string; system_name: string; welcome: string; level: string; xp: string; nav_home: string; nav_fitness: string; ... 436 more ...; log_yesterday: string; }'.
src/components/dashboard/Courses.tsx(252,82): error TS2339: Property 'delete_confirm_title' does not exist on type '{ back: string; save: string; loading_dots: string; confirm: string; cancel: string; delete: string; system_name: string; welcome: string; level: string; xp: string; nav_home: string; nav_fitness: string; ... 436 more ...; log_yesterday: string; }'.
src/components/dashboard/Courses.tsx(253,74): error TS2339: Property 'delete_confirm_msg' does not exist on type '{ back: string; save: string; loading_dots: string; confirm: string; cancel: string; delete: string; system_name: string; welcome: string; level: string; xp: string; nav_home: string; nav_fitness: string; ... 436 more ...; log_yesterday: string; }'.
src/components/dashboard/Entertainment.tsx(113,30): error TS7006: Parameter 'prev' implicitly has an 'any' type.
src/components/dashboard/Entertainment.tsx(116,26): error TS7006: Parameter 'prev' implicitly has an 'any' type.
src/components/dashboard/Entertainment.tsx(439,157): error TS2339: Property 'loading' does not exist on type '{ back: string; save: string; loading_dots: string; confirm: string; cancel: string; delete: string; system_name: string; welcome: string; level: string; xp: string; nav_home: string; nav_fitness: string; ... 436 more ...; log_yesterday: string; }'.
src/components/dashboard/Entertainment.tsx(455,80): error TS2339: Property 'delete_confirm_title' does not exist on type '{ back: string; save: string; loading_dots: string; confirm: string; cancel: string; delete: string; system_name: string; welcome: string; level: string; xp: string; nav_home: string; nav_fitness: string; ... 436 more ...; log_yesterday: string; }'.
src/components/dashboard/Fitness.tsx(64,26): error TS2551: Property 'fitness_title' does not exist on type '{ back: string; save: string; loading_dots: string; confirm: string; cancel: string; delete: string; system_name: string; welcome: string; level: string; xp: string; nav_home: string; nav_fitness: string; ... 436 more ...; log_yesterday: string; }'. Did you mean 'fit_title'?
src/components/dashboard/Fitness.tsx(86,80): error TS2339: Property 'no_plan' does not exist on type '{ back: string; save: string; loading_dots: string; confirm: string; cancel: string; delete: string; system_name: string; welcome: string; level: string; xp: string; nav_home: string; nav_fitness: string; ... 436 more ...; log_yesterday: string; }'.
src/components/dashboard/Fitness.tsx(89,53): error TS2339: Property 'btn_create' does not exist on type '{ back: string; save: string; loading_dots: string; confirm: string; cancel: string; delete: string; system_name: string; welcome: string; level: string; xp: string; nav_home: string; nav_fitness: string; ... 436 more ...; log_yesterday: string; }'.
src/components/dashboard/Fitness.tsx(97,74): error TS2339: Property 'empty_plan' does not exist on type '{ back: string; save: string; loading_dots: string; confirm: string; cancel: string; delete: string; system_name: string; welcome: string; level: string; xp: string; nav_home: string; nav_fitness: string; ... 436 more ...; log_yesterday: string; }'.
src/components/dashboard/Fitness.tsx(105,101): error TS2339: Property 'plan_done' does not exist on type '{ back: string; save: string; loading_dots: string; confirm: string; cancel: string; delete: string; system_name: string; welcome: string; level: string; xp: string; nav_home: string; nav_fitness: string; ... 436 more ...; log_yesterday: string; }'.
src/components/dashboard/Fitness.tsx(108,58): error TS2339: Property 'btn_reset_plan' does not exist on type '{ back: string; save: string; loading_dots: string; confirm: string; cancel: string; delete: string; system_name: string; welcome: string; level: string; xp: string; nav_home: string; nav_fitness: string; ... 436 more ...; log_yesterday: string; }'.
src/components/dashboard/Fitness.tsx(119,91): error TS2339: Property 'day_done' does not exist on type '{ back: string; save: string; loading_dots: string; confirm: string; cancel: string; delete: string; system_name: string; welcome: string; level: string; xp: string; nav_home: string; nav_fitness: string; ... 436 more ...; log_yesterday: string; }'.
src/components/dashboard/Library.tsx(57,25): error TS2551: Property 'toast_book_started' does not exist on type '{ back: string; save: string; loading_dots: string; confirm: string; cancel: string; delete: string; system_name: string; welcome: string; level: string; xp: string; nav_home: string; nav_fitness: string; ... 436 more ...; log_yesterday: string; }'. Did you mean 'toast_book_added'?
src/components/dashboard/Library.tsx(82,25): error TS2551: Property 'toast_book_finished' does not exist on type '{ back: string; save: string; loading_dots: string; confirm: string; cancel: string; delete: string; system_name: string; welcome: string; level: string; xp: string; nav_home: string; nav_fitness: string; ... 436 more ...; log_yesterday: string; }'. Did you mean 'toast_ent_finished'?
src/components/dashboard/Library.tsx(229,121): error TS2339: Property 'lib_no_notes' does not exist on type '{ back: string; save: string; loading_dots: string; confirm: string; cancel: string; delete: string; system_name: string; welcome: string; level: string; xp: string; nav_home: string; nav_fitness: string; ... 436 more ...; log_yesterday: string; }'.
src/components/dashboard/TaskCenter.tsx(332,80): error TS2339: Property 'tasks_completed_on' does not exist on type '{ back: string; save: string; loading_dots: string; confirm: string; cancel: string; delete: string; system_name: string; welcome: string; level: string; xp: string; nav_home: string; nav_fitness: string; ... 436 more ...; log_yesterday: string; }'.
src/components/dashboard/TaskCenter.tsx(454,271): error TS2339: Property 'tasks_step_ph' does not exist on type '{ back: string; save: string; loading_dots: string; confirm: string; cancel: string; delete: string; system_name: string; welcome: string; level: string; xp: string; nav_home: string; nav_fitness: string; ... 436 more ...; log_yesterday: string; }'.
